<?xml version="1.0" encoding="UTF-8"?>
<testsuites name="TS1_LandingPage" time="10.136" tests="1" failures="0" errors="0">
   <testsuite name="TS1_LandingPage" tests="1" failures="0" errors="0" time="10.136" skipped="0" timestamp="28-09-2024T15:13:54" hostname="UC276JC - IN3155587W2.ey.net" id="Test Suites/TS1_LandingPage">
      <properties>
         <property name="deviceName" value=""/>
         <property name="devicePlatform"/>
         <property name="logFolder" value="C:\\Users\\UC276JC\\git\\KatalonCertificationRepo\\Reports\\20240928_151346\\TS1_LandingPage\\20240928_151347"/>
         <property name="logFiles" value="C:\\Users\\UC276JC\\git\\KatalonCertificationRepo\\Reports\\20240928_151346\\TS1_LandingPage\\20240928_151347\\execution0.log"/>
         <property name="attachments" value=""/>
         <property name="hostName" value="UC276JC - IN3155587W2.ey.net"/>
         <property name="os" value="Windows 10 64bit"/>
         <property name="katalonVersion" value="9.7.2.223"/>
         <property name="browser" value="Edge Chromium 129"/>
         <property name="hostAddress" value="192.168.0.101"/>
         <property name="sessionId" value="860aa894afd962c27f7bc2000e0571e6"/>
         <property name="seleniumVersion" value="3.141.59"/>
         <property name="proxyInformation" value="ProxyInformation { proxyOption=NO_PROXY, proxyServerType=HTTP, username=, password=********, proxyServerAddress=, proxyServerPort=0, executionList=&quot;&quot;, isApplyToDesiredCapabilities=true }"/>
         <property name="platform" value="Windows 10"/>
      </properties>
      <testcase name="Test Cases/TC1_LandingPage" time="9.805" classname="Test Cases/TC1_LandingPage" status="PASSED">
         <system-out><![CDATA[28-09-2024T15:13:54 - [TEST_CASE][PASSED] - Test Cases/TC1_LandingPage: Test Cases/TC1_LandingPage

28-09-2024T15:13:55 - [TEST_STEP][PASSED] - openBrowser(""): Browser is opened with url: ''

28-09-2024T15:13:56 - [MESSAGE][INFO] - Starting 'Edge Chromium' driver

28-09-2024T15:13:59 - [MESSAGE][INFO] - Action delay is set to 0 milliseconds

28-09-2024T15:14:01 - [MESSAGE][PASSED] - Browser is opened with url: ''

28-09-2024T15:14:01 - [TEST_STEP][PASSED] - navigateToUrl("https://petstore.octoperf.com/"): Navigate to 'https://petstore.octoperf.com/' successfully

28-09-2024T15:14:02 - [MESSAGE][PASSED] - Navigate to 'https://petstore.octoperf.com/' successfully

28-09-2024T15:14:02 - [TEST_STEP][PASSED] - click(findTestObject("Object Repository/TC1_LandingPage_OR/a_Enter the Store")): Object: 'Object Repository/TC1_LandingPage_OR/a_Enter the Store' is clicked on

28-09-2024T15:14:04 - [MESSAGE][PASSED] - Object: 'Object Repository/TC1_LandingPage_OR/a_Enter the Store' is clicked on

28-09-2024T15:14:04 - [TEST_STEP][PASSED] - closeBrowser(): Browser is closed

28-09-2024T15:14:04 - [MESSAGE][PASSED] - Browser is closed]]></system-out>
         <system-err><![CDATA[]]></system-err>
      </testcase>
      <system-out><![CDATA[28-09-2024T15:13:54 - [TEST_SUITE][PASSED] - TS1_LandingPage: Test Cases/TC1_LandingPage]]></system-out>
      <system-err><![CDATA[]]></system-err>
   </testsuite>
</testsuites>
