<?xml version="1.0" encoding="UTF-8"?>
<testsuites name="TS2_Homepage" time="4.446" tests="1" failures="0" errors="0">
   <testsuite name="TS2_Homepage" tests="1" failures="0" errors="0" time="4.446" skipped="0" timestamp="28-09-2024T15:55:32" hostname="abhin - Baahubali" id="Test Suites/TS2_Homepage">
      <properties>
         <property name="deviceName" value=""/>
         <property name="devicePlatform"/>
         <property name="logFolder" value="C:\\Users\\abhin\\git\\code\\KatalonCertificationRepo\\Reports\\20240928_155527\\TS2_Homepage\\20240928_155528"/>
         <property name="logFiles" value="C:\\Users\\abhin\\git\\code\\KatalonCertificationRepo\\Reports\\20240928_155527\\TS2_Homepage\\20240928_155528\\execution0.log"/>
         <property name="attachments" value=""/>
         <property name="hostName" value="abhin - Baahubali"/>
         <property name="os" value="Windows 11 64bit"/>
         <property name="katalonVersion" value="9.7.2.223"/>
         <property name="browser" value="Edge Chromium 129"/>
         <property name="hostAddress" value="192.168.0.104"/>
         <property name="sessionId" value="fd80b7bea100e78cca0ed0c6bdde4810"/>
         <property name="seleniumVersion" value="3.141.59"/>
         <property name="proxyInformation" value="ProxyInformation { proxyOption=NO_PROXY, proxyServerType=HTTP, username=, password=********, proxyServerAddress=, proxyServerPort=0, executionList=&quot;&quot;, isApplyToDesiredCapabilities=true }"/>
         <property name="platform" value="Windows 11"/>
      </properties>
      <testcase name="Test Cases/TC2_Homepage" time="4.294" classname="Test Cases/TC2_Homepage" status="PASSED">
         <system-out><![CDATA[28-09-2024T15:55:32 - [TEST_CASE][PASSED] - Test Cases/TC2_Homepage: Test Cases/TC2_Homepage

28-09-2024T15:55:32 - [TEST_STEP][PASSED] - openBrowser(""): Browser is opened with url: ''

28-09-2024T15:55:33 - [MESSAGE][INFO] - Starting 'Edge Chromium' driver

28-09-2024T15:55:33 - [MESSAGE][INFO] - Action delay is set to 0 milliseconds

28-09-2024T15:55:34 - [MESSAGE][PASSED] - Browser is opened with url: ''

28-09-2024T15:55:34 - [TEST_STEP][PASSED] - navigateToUrl("https://petstore.octoperf.com/"): Navigate to 'https://petstore.octoperf.com/' successfully

28-09-2024T15:55:35 - [MESSAGE][PASSED] - Navigate to 'https://petstore.octoperf.com/' successfully

28-09-2024T15:55:35 - [TEST_STEP][PASSED] - click(findTestObject("Object Repository/TC2_Homepage_OR/Page_JPetStore Demo/a_Enter the Store")): Object: 'Object Repository/TC2_Homepage_OR/Page_JPetStore Demo/a_Enter the Store' is clicked on

28-09-2024T15:55:36 - [MESSAGE][PASSED] - Object: 'Object Repository/TC2_Homepage_OR/Page_JPetStore Demo/a_Enter the Store' is clicked on

28-09-2024T15:55:36 - [TEST_STEP][PASSED] - closeBrowser(): Browser is closed

28-09-2024T15:55:36 - [MESSAGE][PASSED] - Browser is closed]]></system-out>
         <system-err><![CDATA[]]></system-err>
      </testcase>
      <system-out><![CDATA[28-09-2024T15:55:32 - [TEST_SUITE][PASSED] - TS2_Homepage: Test Cases/TC2_Homepage]]></system-out>
      <system-err><![CDATA[]]></system-err>
   </testsuite>
</testsuites>
